# JRE version: OpenJDK Runtime Environment (17.0.7) (build 17.0.7+0-b2043.56-10550314)
# Java VM: OpenJDK 64-Bit Server VM (17.0.7+0-b2043.56-10550314, mixed mode, tiered, compressed oops, compressed class ptrs, g1 gc, windows-amd64)
GC Precious Log:
 CPUs: 16 total, 16 available
 Memory: 7599M
 Large Page Support: Disabled
 NUMA Support: Disabled
 Compressed Oops: Enabled (32-bit)
 Heap Region Size: 1M
 Heap Min Capacity: 8M
 Heap Initial Capacity: 120M
 Heap Max Capacity: 2G
 Pre-touch: Disabled
 Parallel Workers: 13
 Concurrent Workers: 3
 Concurrent Refinement Workers: 13
 Periodic GC: Disabled
Heap:
 garbage-first heap   total 206848K, used 141680K [0x0000000080000000, 0x0000000100000000)
  region size 1024K, 27 young (27648K), 6 survivors (6144K)
 Metaspace       used 87808K, committed 88576K, reserved 1179648K
  class space    used 12108K, committed 12480K, reserved 1048576K
GC Heap History (20 events):
Event: 7.170 GC heap before
{Heap before GC invocations=25 (full 0):
 garbage-first heap   total 150528K, used 90112K [0x0000000080000000, 0x0000000100000000)
  region size 1024K, 16 young (16384K), 5 survivors (5120K)
 Metaspace       used 58687K, committed 59328K, reserved 1114112K
  class space    used 7904K, committed 8192K, reserved 1048576K
}
Event: 7.173 GC heap after
{Heap after GC invocations=26 (full 0):
 garbage-first heap   total 150528K, used 80330K [0x0000000080000000, 0x0000000100000000)
  region size 1024K, 5 young (5120K), 5 survivors (5120K)
 Metaspace       used 58687K, committed 59328K, reserved 1114112K
  class space    used 7904K, committed 8192K, reserved 1048576K
}
Event: 7.504 GC heap before
{Heap before GC invocations=27 (full 0):
 garbage-first heap   total 150528K, used 106954K [0x0000000080000000, 0x0000000100000000)
  region size 1024K, 30 young (30720K), 5 survivors (5120K)
 Metaspace       used 60888K, committed 61568K, reserved 1114112K
  class space    used 8225K, committed 8576K, reserved 1048576K
}
Event: 7.507 GC heap after
{Heap after GC invocations=28 (full 0):
 garbage-first heap   total 150528K, used 81900K [0x0000000080000000, 0x0000000100000000)
  region size 1024K, 3 young (3072K), 3 survivors (3072K)
 Metaspace       used 60888K, committed 61568K, reserved 1114112K
  class space    used 8225K, committed 8576K, reserved 1048576K
}
Event: 7.876 GC heap before
{Heap before GC invocations=28 (full 0):
 garbage-first heap   total 150528K, used 109548K [0x0000000080000000, 0x0000000100000000)
  region size 1024K, 30 young (30720K), 3 survivors (3072K)
 Metaspace       used 63926K, committed 64576K, reserved 1114112K
  class space    used 8581K, committed 8896K, reserved 1048576K
}
Event: 7.879 GC heap after
{Heap after GC invocations=29 (full 0):
 garbage-first heap   total 150528K, used 82553K [0x0000000080000000, 0x0000000100000000)
  region size 1024K, 2 young (2048K), 2 survivors (2048K)
 Metaspace       used 63926K, committed 64576K, reserved 1114112K
  class space    used 8581K, committed 8896K, reserved 1048576K
}
Event: 8.290 GC heap before
{Heap before GC invocations=30 (full 0):
 garbage-first heap   total 150528K, used 109177K [0x0000000080000000, 0x0000000100000000)
  region size 1024K, 29 young (29696K), 2 survivors (2048K)
 Metaspace       used 68178K, committed 68864K, reserved 1114112K
  class space    used 9159K, committed 9472K, reserved 1048576K
}
Event: 8.294 GC heap after
{Heap after GC invocations=31 (full 0):
 garbage-first heap   total 150528K, used 84959K [0x0000000080000000, 0x0000000100000000)
  region size 1024K, 4 young (4096K), 4 survivors (4096K)
 Metaspace       used 68178K, committed 68864K, reserved 1114112K
  class space    used 9159K, committed 9472K, reserved 1048576K
}
Event: 8.530 GC heap before
{Heap before GC invocations=32 (full 0):
 garbage-first heap   total 165888K, used 120799K [0x0000000080000000, 0x0000000100000000)
  region size 1024K, 33 young (33792K), 4 survivors (4096K)
 Metaspace       used 69619K, committed 70272K, reserved 1114112K
  class space    used 9358K, committed 9664K, reserved 1048576K
}
Event: 8.535 GC heap after
{Heap after GC invocations=33 (full 0):
 garbage-first heap   total 199680K, used 87656K [0x0000000080000000, 0x0000000100000000)
  region size 1024K, 5 young (5120K), 5 survivors (5120K)
 Metaspace       used 69619K, committed 70272K, reserved 1114112K
  class space    used 9358K, committed 9664K, reserved 1048576K
}
Event: 9.147 GC heap before
{Heap before GC invocations=33 (full 0):
 garbage-first heap   total 199680K, used 139880K [0x0000000080000000, 0x0000000100000000)
  region size 1024K, 56 young (57344K), 5 survivors (5120K)
 Metaspace       used 74201K, committed 74880K, reserved 1114112K
  class space    used 9999K, committed 10304K, reserved 1048576K
}
Event: 9.152 GC heap after
{Heap after GC invocations=34 (full 0):
 garbage-first heap   total 199680K, used 90641K [0x0000000080000000, 0x0000000100000000)
  region size 1024K, 7 young (7168K), 7 survivors (7168K)
 Metaspace       used 74201K, committed 74880K, reserved 1114112K
  class space    used 9999K, committed 10304K, reserved 1048576K
}
Event: 9.743 GC heap before
{Heap before GC invocations=34 (full 0):
 garbage-first heap   total 199680K, used 143889K [0x0000000080000000, 0x0000000100000000)
  region size 1024K, 60 young (61440K), 7 survivors (7168K)
 Metaspace       used 78574K, committed 79232K, reserved 1179648K
  class space    used 10572K, committed 10880K, reserved 1048576K
}
Event: 9.750 GC heap after
{Heap after GC invocations=35 (full 0):
 garbage-first heap   total 199680K, used 94038K [0x0000000080000000, 0x0000000100000000)
  region size 1024K, 6 young (6144K), 6 survivors (6144K)
 Metaspace       used 78574K, committed 79232K, reserved 1179648K
  class space    used 10572K, committed 10880K, reserved 1048576K
}
Event: 10.481 GC heap before
{Heap before GC invocations=35 (full 0):
 garbage-first heap   total 199680K, used 149334K [0x0000000080000000, 0x0000000100000000)
  region size 1024K, 60 young (61440K), 6 survivors (6144K)
 Metaspace       used 82937K, committed 83648K, reserved 1179648K
  class space    used 11368K, committed 11712K, reserved 1048576K
}
Event: 10.487 GC heap after
{Heap after GC invocations=36 (full 0):
 garbage-first heap   total 199680K, used 95903K [0x0000000080000000, 0x0000000100000000)
  region size 1024K, 5 young (5120K), 5 survivors (5120K)
 Metaspace       used 82937K, committed 83648K, reserved 1179648K
  class space    used 11368K, committed 11712K, reserved 1048576K
}
Event: 10.888 GC heap before
{Heap before GC invocations=36 (full 0):
 garbage-first heap   total 199680K, used 126623K [0x0000000080000000, 0x0000000100000000)
  region size 1024K, 36 young (36864K), 5 survivors (5120K)
 Metaspace       used 85907K, committed 86656K, reserved 1179648K
  class space    used 11779K, committed 12160K, reserved 1048576K
}
Event: 10.894 GC heap after
{Heap after GC invocations=37 (full 0):
 garbage-first heap   total 199680K, used 97802K [0x0000000080000000, 0x0000000100000000)
  region size 1024K, 4 young (4096K), 4 survivors (4096K)
 Metaspace       used 85907K, committed 86656K, reserved 1179648K
  class space    used 11779K, committed 12160K, reserved 1048576K
}
Event: 10.947 GC heap before
{Heap before GC invocations=38 (full 0):
 garbage-first heap   total 199680K, used 118282K [0x0000000080000000, 0x0000000100000000)
  region size 1024K, 7 young (7168K), 4 survivors (4096K)
 Metaspace       used 85907K, committed 86656K, reserved 1179648K
  class space    used 11779K, committed 12160K, reserved 1048576K
}
Event: 10.952 GC heap after
{Heap after GC invocations=39 (full 0):
 garbage-first heap   total 199680K, used 119152K [0x0000000080000000, 0x0000000100000000)
  region size 1024K, 6 young (6144K), 6 survivors (6144K)
 Metaspace       used 85907K, committed 86656K, reserved 1179648K
  class space    used 11779K, committed 12160K, reserved 1048576K
}

