# JRE version: OpenJDK Runtime Environment (17.0.7) (build 17.0.7+0-b2043.56-10550314)
# Java VM: OpenJDK 64-Bit Server VM (17.0.7+0-b2043.56-10550314, mixed mode, tiered, compressed oops, compressed class ptrs, g1 gc, windows-amd64)
GC Precious Log:
 CPUs: 16 total, 16 available
 Memory: 7599M
 Large Page Support: Disabled
 NUMA Support: Disabled
 Compressed Oops: Enabled (32-bit)
 Heap Region Size: 1M
 Heap Min Capacity: 8M
 Heap Initial Capacity: 120M
 Heap Max Capacity: 2G
 Pre-touch: Disabled
 Parallel Workers: 13
 Concurrent Workers: 3
 Concurrent Refinement Workers: 13
 Periodic GC: Disabled
Heap:
 garbage-first heap   total 157696K, used 90475K [0x0000000080000000, 0x0000000100000000)
  region size 1024K, 1 young (1024K), 1 survivors (1024K)
 Metaspace       used 70275K, committed 70976K, reserved 1114112K
  class space    used 9455K, committed 9728K, reserved 1048576K
GC Heap History (20 events):
Event: 4.215 GC heap after
{Heap after GC invocations=15 (full 0):
 garbage-first heap   total 131072K, used 60169K [0x0000000080000000, 0x0000000100000000)
  region size 1024K, 4 young (4096K), 4 survivors (4096K)
 Metaspace       used 48149K, committed 48640K, reserved 1114112K
  class space    used 6407K, committed 6592K, reserved 1048576K
}
Event: 4.236 GC heap before
{Heap before GC invocations=15 (full 0):
 garbage-first heap   total 131072K, used 61193K [0x0000000080000000, 0x0000000100000000)
  region size 1024K, 6 young (6144K), 4 survivors (4096K)
 Metaspace       used 48245K, committed 48704K, reserved 1114112K
  class space    used 6416K, committed 6592K, reserved 1048576K
}
Event: 4.239 GC heap after
{Heap after GC invocations=16 (full 0):
 garbage-first heap   total 131072K, used 60983K [0x0000000080000000, 0x0000000100000000)
  region size 1024K, 1 young (1024K), 1 survivors (1024K)
 Metaspace       used 48245K, committed 48704K, reserved 1114112K
  class space    used 6416K, committed 6592K, reserved 1048576K
}
Event: 4.673 GC heap before
{Heap before GC invocations=17 (full 0):
 garbage-first heap   total 131072K, used 105015K [0x0000000080000000, 0x0000000100000000)
  region size 1024K, 40 young (40960K), 1 survivors (1024K)
 Metaspace       used 51527K, committed 52096K, reserved 1114112K
  class space    used 6809K, committed 7040K, reserved 1048576K
}
Event: 4.676 GC heap after
{Heap after GC invocations=18 (full 0):
 garbage-first heap   total 157696K, used 66452K [0x0000000080000000, 0x0000000100000000)
  region size 1024K, 4 young (4096K), 4 survivors (4096K)
 Metaspace       used 51527K, committed 52096K, reserved 1114112K
  class space    used 6809K, committed 7040K, reserved 1048576K
}
Event: 4.721 GC heap before
{Heap before GC invocations=18 (full 0):
 garbage-first heap   total 157696K, used 69524K [0x0000000080000000, 0x0000000100000000)
  region size 1024K, 7 young (7168K), 4 survivors (4096K)
 Metaspace       used 51935K, committed 52544K, reserved 1114112K
  class space    used 6885K, committed 7168K, reserved 1048576K
}
Event: 4.724 GC heap after
{Heap after GC invocations=19 (full 0):
 garbage-first heap   total 157696K, used 66691K [0x0000000080000000, 0x0000000100000000)
  region size 1024K, 1 young (1024K), 1 survivors (1024K)
 Metaspace       used 51935K, committed 52544K, reserved 1114112K
  class space    used 6885K, committed 7168K, reserved 1048576K
}
Event: 5.539 GC heap before
{Heap before GC invocations=19 (full 0):
 garbage-first heap   total 157696K, used 119939K [0x0000000080000000, 0x0000000100000000)
  region size 1024K, 53 young (54272K), 1 survivors (1024K)
 Metaspace       used 57221K, committed 57856K, reserved 1114112K
  class space    used 7739K, committed 8064K, reserved 1048576K
}
Event: 5.543 GC heap after
{Heap after GC invocations=20 (full 0):
 garbage-first heap   total 157696K, used 70172K [0x0000000080000000, 0x0000000100000000)
  region size 1024K, 4 young (4096K), 4 survivors (4096K)
 Metaspace       used 57221K, committed 57856K, reserved 1114112K
  class space    used 7739K, committed 8064K, reserved 1048576K
}
Event: 5.788 GC heap before
{Heap before GC invocations=20 (full 0):
 garbage-first heap   total 157696K, used 98844K [0x0000000080000000, 0x0000000100000000)
  region size 1024K, 30 young (30720K), 4 survivors (4096K)
 Metaspace       used 58114K, committed 58752K, reserved 1114112K
  class space    used 7852K, committed 8128K, reserved 1048576K
}
Event: 5.794 GC heap after
{Heap after GC invocations=21 (full 0):
 garbage-first heap   total 157696K, used 80253K [0x0000000080000000, 0x0000000100000000)
  region size 1024K, 8 young (8192K), 8 survivors (8192K)
 Metaspace       used 58114K, committed 58752K, reserved 1114112K
  class space    used 7852K, committed 8128K, reserved 1048576K
}
Event: 6.093 GC heap before
{Heap before GC invocations=22 (full 0):
 garbage-first heap   total 157696K, used 124285K [0x0000000080000000, 0x0000000100000000)
  region size 1024K, 49 young (50176K), 8 survivors (8192K)
 Metaspace       used 61502K, committed 62208K, reserved 1114112K
  class space    used 8320K, committed 8640K, reserved 1048576K
}
Event: 6.100 GC heap after
{Heap after GC invocations=23 (full 0):
 garbage-first heap   total 157696K, used 84405K [0x0000000080000000, 0x0000000100000000)
  region size 1024K, 4 young (4096K), 4 survivors (4096K)
 Metaspace       used 61502K, committed 62208K, reserved 1114112K
  class space    used 8320K, committed 8640K, reserved 1048576K
}
Event: 6.117 GC heap before
{Heap before GC invocations=23 (full 0):
 garbage-first heap   total 157696K, used 86453K [0x0000000080000000, 0x0000000100000000)
  region size 1024K, 7 young (7168K), 4 survivors (4096K)
 Metaspace       used 61890K, committed 62592K, reserved 1114112K
  class space    used 8337K, committed 8640K, reserved 1048576K
}
Event: 6.121 GC heap after
{Heap after GC invocations=24 (full 0):
 garbage-first heap   total 157696K, used 84414K [0x0000000080000000, 0x0000000100000000)
  region size 1024K, 1 young (1024K), 1 survivors (1024K)
 Metaspace       used 61890K, committed 62592K, reserved 1114112K
  class space    used 8337K, committed 8640K, reserved 1048576K
}
Event: 6.622 GC heap before
{Heap before GC invocations=24 (full 0):
 garbage-first heap   total 157696K, used 125374K [0x0000000080000000, 0x0000000100000000)
  region size 1024K, 41 young (41984K), 1 survivors (1024K)
 Metaspace       used 67400K, committed 68160K, reserved 1114112K
  class space    used 9068K, committed 9408K, reserved 1048576K
}
Event: 6.626 GC heap after
{Heap after GC invocations=25 (full 0):
 garbage-first heap   total 157696K, used 86274K [0x0000000080000000, 0x0000000100000000)
  region size 1024K, 3 young (3072K), 3 survivors (3072K)
 Metaspace       used 67400K, committed 68160K, reserved 1114112K
  class space    used 9068K, committed 9408K, reserved 1048576K
}
Event: 6.949 GC heap before
{Heap before GC invocations=26 (full 0):
 garbage-first heap   total 157696K, used 132354K [0x0000000080000000, 0x0000000100000000)
  region size 1024K, 43 young (44032K), 3 survivors (3072K)
 Metaspace       used 70197K, committed 70912K, reserved 1114112K
  class space    used 9442K, committed 9728K, reserved 1048576K
}
Event: 6.954 GC heap after
{Heap after GC invocations=27 (full 0):
 garbage-first heap   total 157696K, used 90283K [0x0000000080000000, 0x0000000100000000)
  region size 1024K, 6 young (6144K), 6 survivors (6144K)
 Metaspace       used 70197K, committed 70912K, reserved 1114112K
  class space    used 9442K, committed 9728K, reserved 1048576K
}
Event: 6.964 GC heap before
{Heap before GC invocations=27 (full 0):
 garbage-first heap   total 157696K, used 91307K [0x0000000080000000, 0x0000000100000000)
  region size 1024K, 7 young (7168K), 6 survivors (6144K)
 Metaspace       used 70275K, committed 70976K, reserved 1114112K
  class space    used 9455K, committed 9728K, reserved 1048576K
}

