# JRE version: OpenJDK Runtime Environment (17.0.7) (build 17.0.7+0-b2043.56-10550314)
# Java VM: OpenJDK 64-Bit Server VM (17.0.7+0-b2043.56-10550314, mixed mode, tiered, compressed oops, compressed class ptrs, g1 gc, windows-amd64)
GC Precious Log:
 CPUs: 16 total, 16 available
 Memory: 7599M
 Large Page Support: Disabled
 NUMA Support: Disabled
 Compressed Oops: Enabled (32-bit)
 Heap Region Size: 1M
 Heap Min Capacity: 8M
 Heap Initial Capacity: 120M
 Heap Max Capacity: 2G
 Pre-touch: Disabled
 Parallel Workers: 13
 Concurrent Workers: 3
 Concurrent Refinement Workers: 13
 Periodic GC: Disabled
Heap:
 garbage-first heap   total 145408K, used 96896K [0x0000000080000000, 0x0000000100000000)
  region size 1024K, 16 young (16384K), 2 survivors (2048K)
 Metaspace       used 64713K, committed 65408K, reserved 1114112K
  class space    used 8717K, committed 9024K, reserved 1048576K
GC Heap History (20 events):
Event: 4.827 GC heap before
{Heap before GC invocations=20 (full 0):
 garbage-first heap   total 109568K, used 66566K [0x0000000080000000, 0x0000000100000000)
  region size 1024K, 9 young (9216K), 4 survivors (4096K)
 Metaspace       used 48502K, committed 49024K, reserved 1114112K
  class space    used 6440K, committed 6656K, reserved 1048576K
}
Event: 4.830 GC heap after
{Heap after GC invocations=21 (full 0):
 garbage-first heap   total 132096K, used 65304K [0x0000000080000000, 0x0000000100000000)
  region size 1024K, 2 young (2048K), 2 survivors (2048K)
 Metaspace       used 48502K, committed 49024K, reserved 1114112K
  class space    used 6440K, committed 6656K, reserved 1048576K
}
Event: 5.222 GC heap before
{Heap before GC invocations=22 (full 0):
 garbage-first heap   total 132096K, used 102168K [0x0000000080000000, 0x0000000100000000)
  region size 1024K, 36 young (36864K), 2 survivors (2048K)
 Metaspace       used 51435K, committed 51968K, reserved 1114112K
  class space    used 6796K, committed 7040K, reserved 1048576K
}
Event: 5.224 GC heap after
{Heap after GC invocations=23 (full 0):
 garbage-first heap   total 132096K, used 66330K [0x0000000080000000, 0x0000000100000000)
  region size 1024K, 3 young (3072K), 3 survivors (3072K)
 Metaspace       used 51435K, committed 51968K, reserved 1114112K
  class space    used 6796K, committed 7040K, reserved 1048576K
}
Event: 5.280 GC heap before
{Heap before GC invocations=23 (full 0):
 garbage-first heap   total 132096K, used 68378K [0x0000000080000000, 0x0000000100000000)
  region size 1024K, 6 young (6144K), 3 survivors (3072K)
 Metaspace       used 51828K, committed 52416K, reserved 1114112K
  class space    used 6874K, committed 7168K, reserved 1048576K
}
Event: 5.283 GC heap after
{Heap after GC invocations=24 (full 0):
 garbage-first heap   total 132096K, used 66797K [0x0000000080000000, 0x0000000100000000)
  region size 1024K, 1 young (1024K), 1 survivors (1024K)
 Metaspace       used 51828K, committed 52416K, reserved 1114112K
  class space    used 6874K, committed 7168K, reserved 1048576K
}
Event: 5.735 GC heap before
{Heap before GC invocations=24 (full 0):
 garbage-first heap   total 132096K, used 102637K [0x0000000080000000, 0x0000000100000000)
  region size 1024K, 36 young (36864K), 1 survivors (1024K)
 Metaspace       used 55572K, committed 56256K, reserved 1114112K
  class space    used 7534K, committed 7872K, reserved 1048576K
}
Event: 5.738 GC heap after
{Heap after GC invocations=25 (full 0):
 garbage-first heap   total 132096K, used 68588K [0x0000000080000000, 0x0000000100000000)
  region size 1024K, 3 young (3072K), 3 survivors (3072K)
 Metaspace       used 55572K, committed 56256K, reserved 1114112K
  class space    used 7534K, committed 7872K, reserved 1048576K
}
Event: 6.419 GC heap before
{Heap before GC invocations=26 (full 0):
 garbage-first heap   total 132096K, used 106476K [0x0000000080000000, 0x0000000100000000)
  region size 1024K, 38 young (38912K), 3 survivors (3072K)
 Metaspace       used 57715K, committed 58368K, reserved 1114112K
  class space    used 7785K, committed 8128K, reserved 1048576K
}
Event: 6.423 GC heap after
{Heap after GC invocations=27 (full 0):
 garbage-first heap   total 132096K, used 75148K [0x0000000080000000, 0x0000000100000000)
  region size 1024K, 5 young (5120K), 5 survivors (5120K)
 Metaspace       used 57715K, committed 58368K, reserved 1114112K
  class space    used 7785K, committed 8128K, reserved 1048576K
}
Event: 6.441 GC heap before
{Heap before GC invocations=27 (full 0):
 garbage-first heap   total 132096K, used 77196K [0x0000000080000000, 0x0000000100000000)
  region size 1024K, 6 young (6144K), 5 survivors (5120K)
 Metaspace       used 57735K, committed 58432K, reserved 1114112K
  class space    used 7786K, committed 8128K, reserved 1048576K
}
Event: 6.446 GC heap after
{Heap after GC invocations=28 (full 0):
 garbage-first heap   total 132096K, used 76866K [0x0000000080000000, 0x0000000100000000)
  region size 1024K, 1 young (1024K), 1 survivors (1024K)
 Metaspace       used 57735K, committed 58432K, reserved 1114112K
  class space    used 7786K, committed 8128K, reserved 1048576K
}
Event: 6.527 GC heap before
{Heap before GC invocations=28 (full 0):
 garbage-first heap   total 132096K, used 83010K [0x0000000080000000, 0x0000000100000000)
  region size 1024K, 8 young (8192K), 1 survivors (1024K)
 Metaspace       used 58028K, committed 58624K, reserved 1114112K
  class space    used 7838K, committed 8128K, reserved 1048576K
}
Event: 6.529 GC heap after
{Heap after GC invocations=29 (full 0):
 garbage-first heap   total 132096K, used 79625K [0x0000000080000000, 0x0000000100000000)
  region size 1024K, 4 young (4096K), 4 survivors (4096K)
 Metaspace       used 58028K, committed 58624K, reserved 1114112K
  class space    used 7838K, committed 8128K, reserved 1048576K
}
Event: 6.694 GC heap before
{Heap before GC invocations=30 (full 0):
 garbage-first heap   total 138240K, used 89865K [0x0000000080000000, 0x0000000100000000)
  region size 1024K, 15 young (15360K), 4 survivors (4096K)
 Metaspace       used 58626K, committed 59264K, reserved 1114112K
  class space    used 7895K, committed 8192K, reserved 1048576K
}
Event: 6.696 GC heap after
{Heap after GC invocations=31 (full 0):
 garbage-first heap   total 138240K, used 80977K [0x0000000080000000, 0x0000000100000000)
  region size 1024K, 2 young (2048K), 2 survivors (2048K)
 Metaspace       used 58626K, committed 59264K, reserved 1114112K
  class space    used 7895K, committed 8192K, reserved 1048576K
}
Event: 6.934 GC heap before
{Heap before GC invocations=32 (full 0):
 garbage-first heap   total 142336K, used 104529K [0x0000000080000000, 0x0000000100000000)
  region size 1024K, 24 young (24576K), 2 survivors (2048K)
 Metaspace       used 60568K, committed 61248K, reserved 1114112K
  class space    used 8192K, committed 8512K, reserved 1048576K
}
Event: 6.936 GC heap after
{Heap after GC invocations=33 (full 0):
 garbage-first heap   total 142336K, used 82987K [0x0000000080000000, 0x0000000100000000)
  region size 1024K, 1 young (1024K), 1 survivors (1024K)
 Metaspace       used 60568K, committed 61248K, reserved 1114112K
  class space    used 8192K, committed 8512K, reserved 1048576K
}
Event: 7.225 GC heap before
{Heap before GC invocations=33 (full 0):
 garbage-first heap   total 142336K, used 107563K [0x0000000080000000, 0x0000000100000000)
  region size 1024K, 26 young (26624K), 1 survivors (1024K)
 Metaspace       used 63431K, committed 64064K, reserved 1114112K
  class space    used 8519K, committed 8832K, reserved 1048576K
}
Event: 7.228 GC heap after
{Heap after GC invocations=34 (full 0):
 garbage-first heap   total 142336K, used 83584K [0x0000000080000000, 0x0000000100000000)
  region size 1024K, 2 young (2048K), 2 survivors (2048K)
 Metaspace       used 63431K, committed 64064K, reserved 1114112K
  class space    used 8519K, committed 8832K, reserved 1048576K
}

