# JRE version: OpenJDK Runtime Environment (17.0.7) (build 17.0.7+0-b2043.56-10550314)
# Java VM: OpenJDK 64-Bit Server VM (17.0.7+0-b2043.56-10550314, mixed mode, tiered, compressed oops, compressed class ptrs, g1 gc, windows-amd64)
GC Precious Log:
 CPUs: 16 total, 16 available
 Memory: 7599M
 Large Page Support: Disabled
 NUMA Support: Disabled
 Compressed Oops: Enabled (32-bit)
 Heap Region Size: 1M
 Heap Min Capacity: 8M
 Heap Initial Capacity: 120M
 Heap Max Capacity: 2G
 Pre-touch: Disabled
 Parallel Workers: 13
 Concurrent Workers: 3
 Concurrent Refinement Workers: 13
 Periodic GC: Disabled
Heap:
 garbage-first heap   total 159744K, used 83283K [0x0000000080000000, 0x0000000100000000)
  region size 1024K, 2 young (2048K), 2 survivors (2048K)
 Metaspace       used 64515K, committed 65152K, reserved 1114112K
  class space    used 8673K, committed 8960K, reserved 1048576K
GC Heap History (20 events):
Event: 3.536 GC heap after
{Heap after GC invocations=13 (full 0):
 garbage-first heap   total 133120K, used 54583K [0x0000000080000000, 0x0000000100000000)
  region size 1024K, 5 young (5120K), 5 survivors (5120K)
 Metaspace       used 42699K, committed 43072K, reserved 1114112K
  class space    used 5706K, committed 5888K, reserved 1048576K
}
Event: 3.949 GC heap before
{Heap before GC invocations=13 (full 0):
 garbage-first heap   total 133120K, used 102711K [0x0000000080000000, 0x0000000100000000)
  region size 1024K, 48 young (49152K), 5 survivors (5120K)
 Metaspace       used 47010K, committed 47424K, reserved 1114112K
  class space    used 6224K, committed 6400K, reserved 1048576K
}
Event: 3.955 GC heap after
{Heap after GC invocations=14 (full 0):
 garbage-first heap   total 133120K, used 57568K [0x0000000080000000, 0x0000000100000000)
  region size 1024K, 4 young (4096K), 4 survivors (4096K)
 Metaspace       used 47010K, committed 47424K, reserved 1114112K
  class space    used 6224K, committed 6400K, reserved 1048576K
}
Event: 4.517 GC heap before
{Heap before GC invocations=14 (full 0):
 garbage-first heap   total 133120K, used 105696K [0x0000000080000000, 0x0000000100000000)
  region size 1024K, 47 young (48128K), 4 survivors (4096K)
 Metaspace       used 51048K, committed 51584K, reserved 1114112K
  class space    used 6697K, committed 6912K, reserved 1048576K
}
Event: 4.523 GC heap after
{Heap after GC invocations=15 (full 0):
 garbage-first heap   total 133120K, used 65273K [0x0000000080000000, 0x0000000100000000)
  region size 1024K, 5 young (5120K), 5 survivors (5120K)
 Metaspace       used 51048K, committed 51584K, reserved 1114112K
  class space    used 6697K, committed 6912K, reserved 1048576K
}
Event: 4.935 GC heap before
{Heap before GC invocations=15 (full 0):
 garbage-first heap   total 133120K, used 103161K [0x0000000080000000, 0x0000000100000000)
  region size 1024K, 42 young (43008K), 5 survivors (5120K)
 Metaspace       used 53937K, committed 54592K, reserved 1114112K
  class space    used 7233K, committed 7552K, reserved 1048576K
}
Event: 4.940 GC heap after
{Heap after GC invocations=16 (full 0):
 garbage-first heap   total 133120K, used 68162K [0x0000000080000000, 0x0000000100000000)
  region size 1024K, 3 young (3072K), 3 survivors (3072K)
 Metaspace       used 53937K, committed 54592K, reserved 1114112K
  class space    used 7233K, committed 7552K, reserved 1048576K
}
Event: 5.515 GC heap before
{Heap before GC invocations=17 (full 0):
 garbage-first heap   total 133120K, used 105026K [0x0000000080000000, 0x0000000100000000)
  region size 1024K, 39 young (39936K), 3 survivors (3072K)
 Metaspace       used 57478K, committed 58112K, reserved 1114112K
  class space    used 7777K, committed 8064K, reserved 1048576K
}
Event: 5.519 GC heap after
{Heap after GC invocations=18 (full 0):
 garbage-first heap   total 159744K, used 70429K [0x0000000080000000, 0x0000000100000000)
  region size 1024K, 5 young (5120K), 5 survivors (5120K)
 Metaspace       used 57478K, committed 58112K, reserved 1114112K
  class space    used 7777K, committed 8064K, reserved 1048576K
}
Event: 5.536 GC heap before
{Heap before GC invocations=18 (full 0):
 garbage-first heap   total 159744K, used 72477K [0x0000000080000000, 0x0000000100000000)
  region size 1024K, 7 young (7168K), 5 survivors (5120K)
 Metaspace       used 57500K, committed 58112K, reserved 1114112K
  class space    used 7777K, committed 8064K, reserved 1048576K
}
Event: 5.540 GC heap after
{Heap after GC invocations=19 (full 0):
 garbage-first heap   total 159744K, used 70675K [0x0000000080000000, 0x0000000100000000)
  region size 1024K, 1 young (1024K), 1 survivors (1024K)
 Metaspace       used 57500K, committed 58112K, reserved 1114112K
  class space    used 7777K, committed 8064K, reserved 1048576K
}
Event: 5.666 GC heap before
{Heap before GC invocations=19 (full 0):
 garbage-first heap   total 159744K, used 82963K [0x0000000080000000, 0x0000000100000000)
  region size 1024K, 13 young (13312K), 1 survivors (1024K)
 Metaspace       used 57765K, committed 58432K, reserved 1114112K
  class space    used 7797K, committed 8128K, reserved 1048576K
}
Event: 5.667 GC heap after
{Heap after GC invocations=20 (full 0):
 garbage-first heap   total 159744K, used 72053K [0x0000000080000000, 0x0000000100000000)
  region size 1024K, 2 young (2048K), 2 survivors (2048K)
 Metaspace       used 57765K, committed 58432K, reserved 1114112K
  class space    used 7797K, committed 8128K, reserved 1048576K
}
Event: 5.676 GC heap before
{Heap before GC invocations=20 (full 0):
 garbage-first heap   total 159744K, used 73077K [0x0000000080000000, 0x0000000100000000)
  region size 1024K, 3 young (3072K), 2 survivors (2048K)
 Metaspace       used 57779K, committed 58432K, reserved 1114112K
  class space    used 7800K, committed 8128K, reserved 1048576K
}
Event: 5.678 GC heap after
{Heap after GC invocations=21 (full 0):
 garbage-first heap   total 159744K, used 73568K [0x0000000080000000, 0x0000000100000000)
  region size 1024K, 2 young (2048K), 2 survivors (2048K)
 Metaspace       used 57779K, committed 58432K, reserved 1114112K
  class space    used 7800K, committed 8128K, reserved 1048576K
}
Event: 5.933 GC heap before
{Heap before GC invocations=22 (full 0):
 garbage-first heap   total 159744K, used 117600K [0x0000000080000000, 0x0000000100000000)
  region size 1024K, 41 young (41984K), 2 survivors (2048K)
 Metaspace       used 60542K, committed 61184K, reserved 1114112K
  class space    used 8194K, committed 8512K, reserved 1048576K
}
Event: 5.938 GC heap after
{Heap after GC invocations=23 (full 0):
 garbage-first heap   total 159744K, used 82544K [0x0000000080000000, 0x0000000100000000)
  region size 1024K, 6 young (6144K), 6 survivors (6144K)
 Metaspace       used 60542K, committed 61184K, reserved 1114112K
  class space    used 8194K, committed 8512K, reserved 1048576K
}
Event: 5.944 GC heap before
{Heap before GC invocations=23 (full 0):
 garbage-first heap   total 159744K, used 83568K [0x0000000080000000, 0x0000000100000000)
  region size 1024K, 7 young (7168K), 6 survivors (6144K)
 Metaspace       used 60630K, committed 61248K, reserved 1114112K
  class space    used 8206K, committed 8512K, reserved 1048576K
}
Event: 5.947 GC heap after
{Heap after GC invocations=24 (full 0):
 garbage-first heap   total 159744K, used 82494K [0x0000000080000000, 0x0000000100000000)
  region size 1024K, 1 young (1024K), 1 survivors (1024K)
 Metaspace       used 60630K, committed 61248K, reserved 1114112K
  class space    used 8206K, committed 8512K, reserved 1048576K
}
Event: 6.263 GC heap before
{Heap before GC invocations=24 (full 0):
 garbage-first heap   total 159744K, used 118334K [0x0000000080000000, 0x0000000100000000)
  region size 1024K, 36 young (36864K), 1 survivors (1024K)
 Metaspace       used 64515K, committed 65152K, reserved 1114112K
  class space    used 8673K, committed 8960K, reserved 1048576K
}

