# JRE version: OpenJDK Runtime Environment (17.0.7) (build 17.0.7+0-b2043.56-10550314)
# Java VM: OpenJDK 64-Bit Server VM (17.0.7+0-b2043.56-10550314, mixed mode, tiered, compressed oops, compressed class ptrs, g1 gc, windows-amd64)
GC Precious Log:
 CPUs: 16 total, 16 available
 Memory: 7599M
 Large Page Support: Disabled
 NUMA Support: Disabled
 Compressed Oops: Enabled (32-bit)
 Heap Region Size: 1M
 Heap Min Capacity: 8M
 Heap Initial Capacity: 120M
 Heap Max Capacity: 2G
 Pre-touch: Disabled
 Parallel Workers: 13
 Concurrent Workers: 3
 Concurrent Refinement Workers: 13
 Periodic GC: Disabled
Heap:
 garbage-first heap   total 148480K, used 91901K [0x0000000080000000, 0x0000000100000000)
  region size 1024K, 1 young (1024K), 1 survivors (1024K)
 Metaspace       used 68235K, committed 69056K, reserved 1114112K
  class space    used 9175K, committed 9536K, reserved 1048576K
GC Heap History (20 events):
Event: 4.233 GC heap after
{Heap after GC invocations=20 (full 0):
 garbage-first heap   total 148480K, used 60452K [0x0000000080000000, 0x0000000100000000)
  region size 1024K, 3 young (3072K), 3 survivors (3072K)
 Metaspace       used 48199K, committed 48704K, reserved 1114112K
  class space    used 6417K, committed 6656K, reserved 1048576K
}
Event: 4.902 GC heap before
{Heap before GC invocations=20 (full 0):
 garbage-first heap   total 148480K, used 117796K [0x0000000080000000, 0x0000000100000000)
  region size 1024K, 55 young (56320K), 3 survivors (3072K)
 Metaspace       used 53096K, committed 53632K, reserved 1114112K
  class space    used 7091K, committed 7360K, reserved 1048576K
}
Event: 4.907 GC heap after
{Heap after GC invocations=21 (full 0):
 garbage-first heap   total 148480K, used 67240K [0x0000000080000000, 0x0000000100000000)
  region size 1024K, 6 young (6144K), 6 survivors (6144K)
 Metaspace       used 53096K, committed 53632K, reserved 1114112K
  class space    used 7091K, committed 7360K, reserved 1048576K
}
Event: 5.758 GC heap before
{Heap before GC invocations=21 (full 0):
 garbage-first heap   total 148480K, used 115368K [0x0000000080000000, 0x0000000100000000)
  region size 1024K, 54 young (55296K), 6 survivors (6144K)
 Metaspace       used 57561K, committed 58176K, reserved 1114112K
  class space    used 7783K, committed 8064K, reserved 1048576K
}
Event: 5.766 GC heap after
{Heap after GC invocations=22 (full 0):
 garbage-first heap   total 148480K, used 70791K [0x0000000080000000, 0x0000000100000000)
  region size 1024K, 7 young (7168K), 7 survivors (7168K)
 Metaspace       used 57561K, committed 58176K, reserved 1114112K
  class space    used 7783K, committed 8064K, reserved 1048576K
}
Event: 5.947 GC heap before
{Heap before GC invocations=22 (full 0):
 garbage-first heap   total 148480K, used 84103K [0x0000000080000000, 0x0000000100000000)
  region size 1024K, 20 young (20480K), 7 survivors (7168K)
 Metaspace       used 57845K, committed 58560K, reserved 1114112K
  class space    used 7807K, committed 8128K, reserved 1048576K
}
Event: 5.953 GC heap after
{Heap after GC invocations=23 (full 0):
 garbage-first heap   total 148480K, used 74589K [0x0000000080000000, 0x0000000100000000)
  region size 1024K, 6 young (6144K), 6 survivors (6144K)
 Metaspace       used 57845K, committed 58560K, reserved 1114112K
  class space    used 7807K, committed 8128K, reserved 1048576K
}
Event: 6.053 GC heap before
{Heap before GC invocations=24 (full 0):
 garbage-first heap   total 148480K, used 83805K [0x0000000080000000, 0x0000000100000000)
  region size 1024K, 14 young (14336K), 6 survivors (6144K)
 Metaspace       used 58162K, committed 58880K, reserved 1114112K
  class space    used 7861K, committed 8192K, reserved 1048576K
}
Event: 6.058 GC heap after
{Heap after GC invocations=25 (full 0):
 garbage-first heap   total 148480K, used 80360K [0x0000000080000000, 0x0000000100000000)
  region size 1024K, 6 young (6144K), 6 survivors (6144K)
 Metaspace       used 58162K, committed 58880K, reserved 1114112K
  class space    used 7861K, committed 8192K, reserved 1048576K
}
Event: 6.170 GC heap before
{Heap before GC invocations=26 (full 0):
 garbage-first heap   total 148480K, used 91624K [0x0000000080000000, 0x0000000100000000)
  region size 1024K, 17 young (17408K), 6 survivors (6144K)
 Metaspace       used 58757K, committed 59456K, reserved 1114112K
  class space    used 7918K, committed 8256K, reserved 1048576K
}
Event: 6.174 GC heap after
{Heap after GC invocations=27 (full 0):
 garbage-first heap   total 148480K, used 82254K [0x0000000080000000, 0x0000000100000000)
  region size 1024K, 3 young (3072K), 3 survivors (3072K)
 Metaspace       used 58757K, committed 59456K, reserved 1114112K
  class space    used 7918K, committed 8256K, reserved 1048576K
}
Event: 6.401 GC heap before
{Heap before GC invocations=28 (full 0):
 garbage-first heap   total 148480K, used 106830K [0x0000000080000000, 0x0000000100000000)
  region size 1024K, 26 young (26624K), 3 survivors (3072K)
 Metaspace       used 60766K, committed 61440K, reserved 1114112K
  class space    used 8226K, committed 8512K, reserved 1048576K
}
Event: 6.403 GC heap after
{Heap after GC invocations=29 (full 0):
 garbage-first heap   total 148480K, used 83567K [0x0000000080000000, 0x0000000100000000)
  region size 1024K, 3 young (3072K), 3 survivors (3072K)
 Metaspace       used 60766K, committed 61440K, reserved 1114112K
  class space    used 8226K, committed 8512K, reserved 1048576K
}
Event: 6.454 GC heap before
{Heap before GC invocations=29 (full 0):
 garbage-first heap   total 148480K, used 86639K [0x0000000080000000, 0x0000000100000000)
  region size 1024K, 7 young (7168K), 3 survivors (3072K)
 Metaspace       used 61238K, committed 61952K, reserved 1114112K
  class space    used 8292K, committed 8640K, reserved 1048576K
}
Event: 6.457 GC heap after
{Heap after GC invocations=30 (full 0):
 garbage-first heap   total 148480K, used 83420K [0x0000000080000000, 0x0000000100000000)
  region size 1024K, 1 young (1024K), 1 survivors (1024K)
 Metaspace       used 61238K, committed 61952K, reserved 1114112K
  class space    used 8292K, committed 8640K, reserved 1048576K
}
Event: 6.782 GC heap before
{Heap before GC invocations=30 (full 0):
 garbage-first heap   total 148480K, used 110044K [0x0000000080000000, 0x0000000100000000)
  region size 1024K, 27 young (27648K), 1 survivors (1024K)
 Metaspace       used 64081K, committed 64768K, reserved 1114112K
  class space    used 8599K, committed 8896K, reserved 1048576K
}
Event: 6.785 GC heap after
{Heap after GC invocations=31 (full 0):
 garbage-first heap   total 148480K, used 83962K [0x0000000080000000, 0x0000000100000000)
  region size 1024K, 1 young (1024K), 1 survivors (1024K)
 Metaspace       used 64081K, committed 64768K, reserved 1114112K
  class space    used 8599K, committed 8896K, reserved 1048576K
}
Event: 7.160 GC heap before
{Heap before GC invocations=32 (full 0):
 garbage-first heap   total 148480K, used 116730K [0x0000000080000000, 0x0000000100000000)
  region size 1024K, 29 young (29696K), 1 survivors (1024K)
 Metaspace       used 68235K, committed 69056K, reserved 1114112K
  class space    used 9175K, committed 9536K, reserved 1048576K
}
Event: 7.164 GC heap after
{Heap after GC invocations=33 (full 0):
 garbage-first heap   total 148480K, used 90554K [0x0000000080000000, 0x0000000100000000)
  region size 1024K, 4 young (4096K), 4 survivors (4096K)
 Metaspace       used 68235K, committed 69056K, reserved 1114112K
  class space    used 9175K, committed 9536K, reserved 1048576K
}
Event: 7.171 GC heap before
{Heap before GC invocations=33 (full 0):
 garbage-first heap   total 148480K, used 93626K [0x0000000080000000, 0x0000000100000000)
  region size 1024K, 7 young (7168K), 4 survivors (4096K)
 Metaspace       used 68235K, committed 69056K, reserved 1114112K
  class space    used 9175K, committed 9536K, reserved 1048576K
}

