# JRE version: OpenJDK Runtime Environment (17.0.7) (build 17.0.7+0-b2043.56-10550314)
# Java VM: OpenJDK 64-Bit Server VM (17.0.7+0-b2043.56-10550314, mixed mode, tiered, compressed oops, compressed class ptrs, g1 gc, windows-amd64)
GC Precious Log:
 CPUs: 16 total, 16 available
 Memory: 7599M
 Large Page Support: Disabled
 NUMA Support: Disabled
 Compressed Oops: Enabled (32-bit)
 Heap Region Size: 1M
 Heap Min Capacity: 8M
 Heap Initial Capacity: 120M
 Heap Max Capacity: 2G
 Pre-touch: Disabled
 Parallel Workers: 13
 Concurrent Workers: 3
 Concurrent Refinement Workers: 13
 Periodic GC: Disabled
Heap:
 garbage-first heap   total 142336K, used 82954K [0x0000000080000000, 0x0000000100000000)
  region size 1024K, 2 young (2048K), 2 survivors (2048K)
 Metaspace       used 62470K, committed 63168K, reserved 1114112K
  class space    used 8394K, committed 8704K, reserved 1048576K
GC Heap History (20 events):
Event: 4.694 GC heap after
{Heap after GC invocations=22 (full 0):
 garbage-first heap   total 112640K, used 63760K [0x0000000080000000, 0x0000000100000000)
  region size 1024K, 3 young (3072K), 3 survivors (3072K)
 Metaspace       used 48530K, committed 49024K, reserved 1114112K
  class space    used 6439K, committed 6656K, reserved 1048576K
}
Event: 5.050 GC heap before
{Heap before GC invocations=23 (full 0):
 garbage-first heap   total 112640K, used 90384K [0x0000000080000000, 0x0000000100000000)
  region size 1024K, 27 young (27648K), 3 survivors (3072K)
 Metaspace       used 51002K, committed 51520K, reserved 1114112K
  class space    used 6700K, committed 6912K, reserved 1048576K
}
Event: 5.054 GC heap after
{Heap after GC invocations=24 (full 0):
 garbage-first heap   total 135168K, used 64946K [0x0000000080000000, 0x0000000100000000)
  region size 1024K, 3 young (3072K), 3 survivors (3072K)
 Metaspace       used 51002K, committed 51520K, reserved 1114112K
  class space    used 6700K, committed 6912K, reserved 1048576K
}
Event: 5.532 GC heap before
{Heap before GC invocations=24 (full 0):
 garbage-first heap   total 135168K, used 103858K [0x0000000080000000, 0x0000000100000000)
  region size 1024K, 41 young (41984K), 3 survivors (3072K)
 Metaspace       used 54312K, committed 54976K, reserved 1114112K
  class space    used 7300K, committed 7616K, reserved 1048576K
}
Event: 5.537 GC heap after
{Heap after GC invocations=25 (full 0):
 garbage-first heap   total 135168K, used 67223K [0x0000000080000000, 0x0000000100000000)
  region size 1024K, 5 young (5120K), 5 survivors (5120K)
 Metaspace       used 54312K, committed 54976K, reserved 1114112K
  class space    used 7300K, committed 7616K, reserved 1048576K
}
Event: 6.186 GC heap before
{Heap before GC invocations=26 (full 0):
 garbage-first heap   total 135168K, used 105111K [0x0000000080000000, 0x0000000100000000)
  region size 1024K, 43 young (44032K), 5 survivors (5120K)
 Metaspace       used 57574K, committed 58176K, reserved 1114112K
  class space    used 7768K, committed 8064K, reserved 1048576K
}
Event: 6.191 GC heap after
{Heap after GC invocations=27 (full 0):
 garbage-first heap   total 135168K, used 70254K [0x0000000080000000, 0x0000000100000000)
  region size 1024K, 6 young (6144K), 6 survivors (6144K)
 Metaspace       used 57574K, committed 58176K, reserved 1114112K
  class space    used 7768K, committed 8064K, reserved 1048576K
}
Event: 6.252 GC heap before
{Heap before GC invocations=27 (full 0):
 garbage-first heap   total 135168K, used 75374K [0x0000000080000000, 0x0000000100000000)
  region size 1024K, 13 young (13312K), 6 survivors (6144K)
 Metaspace       used 57742K, committed 58496K, reserved 1114112K
  class space    used 7786K, committed 8128K, reserved 1048576K
}
Event: 6.256 GC heap after
{Heap after GC invocations=28 (full 0):
 garbage-first heap   total 135168K, used 70697K [0x0000000080000000, 0x0000000100000000)
  region size 1024K, 4 young (4096K), 4 survivors (4096K)
 Metaspace       used 57742K, committed 58496K, reserved 1114112K
  class space    used 7786K, committed 8128K, reserved 1048576K
}
Event: 6.290 GC heap before
{Heap before GC invocations=29 (full 0):
 garbage-first heap   total 135168K, used 73769K [0x0000000080000000, 0x0000000100000000)
  region size 1024K, 6 young (6144K), 4 survivors (4096K)
 Metaspace       used 57756K, committed 58496K, reserved 1114112K
  class space    used 7790K, committed 8128K, reserved 1048576K
}
Event: 6.293 GC heap after
{Heap after GC invocations=30 (full 0):
 garbage-first heap   total 135168K, used 73341K [0x0000000080000000, 0x0000000100000000)
  region size 1024K, 4 young (4096K), 4 survivors (4096K)
 Metaspace       used 57756K, committed 58496K, reserved 1114112K
  class space    used 7790K, committed 8128K, reserved 1048576K
}
Event: 6.318 GC heap before
{Heap before GC invocations=31 (full 0):
 garbage-first heap   total 135168K, used 74365K [0x0000000080000000, 0x0000000100000000)
  region size 1024K, 6 young (6144K), 4 survivors (4096K)
 Metaspace       used 57783K, committed 58496K, reserved 1114112K
  class space    used 7792K, committed 8128K, reserved 1048576K
}
Event: 6.321 GC heap after
{Heap after GC invocations=32 (full 0):
 garbage-first heap   total 135168K, used 75191K [0x0000000080000000, 0x0000000100000000)
  region size 1024K, 3 young (3072K), 3 survivors (3072K)
 Metaspace       used 57783K, committed 58496K, reserved 1114112K
  class space    used 7792K, committed 8128K, reserved 1048576K
}
Event: 6.402 GC heap before
{Heap before GC invocations=33 (full 0):
 garbage-first heap   total 135168K, used 82359K [0x0000000080000000, 0x0000000100000000)
  region size 1024K, 10 young (10240K), 3 survivors (3072K)
 Metaspace       used 58071K, committed 58752K, reserved 1114112K
  class space    used 7844K, committed 8128K, reserved 1048576K
}
Event: 6.405 GC heap after
{Heap after GC invocations=34 (full 0):
 garbage-first heap   total 135168K, used 79469K [0x0000000080000000, 0x0000000100000000)
  region size 1024K, 3 young (3072K), 3 survivors (3072K)
 Metaspace       used 58071K, committed 58752K, reserved 1114112K
  class space    used 7844K, committed 8128K, reserved 1048576K
}
Event: 6.525 GC heap before
{Heap before GC invocations=35 (full 0):
 garbage-first heap   total 138240K, used 89709K [0x0000000080000000, 0x0000000100000000)
  region size 1024K, 14 young (14336K), 3 survivors (3072K)
 Metaspace       used 58667K, committed 59328K, reserved 1114112K
  class space    used 7901K, committed 8192K, reserved 1048576K
}
Event: 6.528 GC heap after
{Heap after GC invocations=36 (full 0):
 garbage-first heap   total 138240K, used 80808K [0x0000000080000000, 0x0000000100000000)
  region size 1024K, 3 young (3072K), 3 survivors (3072K)
 Metaspace       used 58667K, committed 59328K, reserved 1114112K
  class space    used 7901K, committed 8192K, reserved 1048576K
}
Event: 6.707 GC heap before
{Heap before GC invocations=37 (full 0):
 garbage-first heap   total 142336K, used 100264K [0x0000000080000000, 0x0000000100000000)
  region size 1024K, 21 young (21504K), 3 survivors (3072K)
 Metaspace       used 60251K, committed 60928K, reserved 1114112K
  class space    used 8149K, committed 8448K, reserved 1048576K
}
Event: 6.710 GC heap after
{Heap after GC invocations=38 (full 0):
 garbage-first heap   total 142336K, used 82490K [0x0000000080000000, 0x0000000100000000)
  region size 1024K, 1 young (1024K), 1 survivors (1024K)
 Metaspace       used 60251K, committed 60928K, reserved 1114112K
  class space    used 8149K, committed 8448K, reserved 1048576K
}
Event: 6.933 GC heap before
{Heap before GC invocations=38 (full 0):
 garbage-first heap   total 142336K, used 102970K [0x0000000080000000, 0x0000000100000000)
  region size 1024K, 22 young (22528K), 1 survivors (1024K)
 Metaspace       used 62470K, committed 63168K, reserved 1114112K
  class space    used 8394K, committed 8704K, reserved 1048576K
}

