# JRE version: OpenJDK Runtime Environment (17.0.7) (build 17.0.7+0-b2043.56-10550314)
# Java VM: OpenJDK 64-Bit Server VM (17.0.7+0-b2043.56-10550314, mixed mode, tiered, compressed oops, compressed class ptrs, g1 gc, windows-amd64)
GC Precious Log:
 CPUs: 16 total, 16 available
 Memory: 7599M
 Large Page Support: Disabled
 NUMA Support: Disabled
 Compressed Oops: Enabled (32-bit)
 Heap Region Size: 1M
 Heap Min Capacity: 8M
 Heap Initial Capacity: 120M
 Heap Max Capacity: 2G
 Pre-touch: Disabled
 Parallel Workers: 13
 Concurrent Workers: 3
 Concurrent Refinement Workers: 13
 Periodic GC: Disabled
Heap:
 garbage-first heap   total 162816K, used 110741K [0x0000000080000000, 0x0000000100000000)
  region size 1024K, 33 young (33792K), 4 survivors (4096K)
 Metaspace       used 65433K, committed 66048K, reserved 1114112K
  class space    used 8814K, committed 9088K, reserved 1048576K
GC Heap History (20 events):
Event: 2.404 GC heap before
{Heap before GC invocations=6 (full 0):
 garbage-first heap   total 82944K, used 57508K [0x0000000080000000, 0x0000000100000000)
  region size 1024K, 32 young (32768K), 1 survivors (1024K)
 Metaspace       used 30122K, committed 30464K, reserved 1114112K
  class space    used 4079K, committed 4224K, reserved 1048576K
}
Event: 2.409 GC heap after
{Heap after GC invocations=7 (full 0):
 garbage-first heap   total 82944K, used 31936K [0x0000000080000000, 0x0000000100000000)
  region size 1024K, 5 young (5120K), 5 survivors (5120K)
 Metaspace       used 30122K, committed 30464K, reserved 1114112K
  class space    used 4079K, committed 4224K, reserved 1048576K
}
Event: 2.420 GC heap before
{Heap before GC invocations=7 (full 0):
 garbage-first heap   total 82944K, used 44224K [0x0000000080000000, 0x0000000100000000)
  region size 1024K, 6 young (6144K), 5 survivors (5120K)
 Metaspace       used 30124K, committed 30464K, reserved 1114112K
  class space    used 4079K, committed 4224K, reserved 1048576K
}
Event: 2.424 GC heap after
{Heap after GC invocations=8 (full 0):
 garbage-first heap   total 82944K, used 44045K [0x0000000080000000, 0x0000000100000000)
  region size 1024K, 1 young (1024K), 1 survivors (1024K)
 Metaspace       used 30124K, committed 30464K, reserved 1114112K
  class space    used 4079K, committed 4224K, reserved 1048576K
}
Event: 2.663 GC heap before
{Heap before GC invocations=9 (full 0):
 garbage-first heap   total 82944K, used 65549K [0x0000000080000000, 0x0000000100000000)
  region size 1024K, 21 young (21504K), 1 survivors (1024K)
 Metaspace       used 32390K, committed 32768K, reserved 1114112K
  class space    used 4436K, committed 4608K, reserved 1048576K
}
Event: 2.665 GC heap after
{Heap after GC invocations=10 (full 0):
 garbage-first heap   total 82944K, used 48878K [0x0000000080000000, 0x0000000100000000)
  region size 1024K, 3 young (3072K), 3 survivors (3072K)
 Metaspace       used 32390K, committed 32768K, reserved 1114112K
  class space    used 4436K, committed 4608K, reserved 1048576K
}
Event: 2.683 GC heap before
{Heap before GC invocations=10 (full 0):
 garbage-first heap   total 82944K, used 49902K [0x0000000080000000, 0x0000000100000000)
  region size 1024K, 4 young (4096K), 3 survivors (3072K)
 Metaspace       used 32512K, committed 32832K, reserved 1114112K
  class space    used 4456K, committed 4608K, reserved 1048576K
}
Event: 2.686 GC heap after
{Heap after GC invocations=11 (full 0):
 garbage-first heap   total 82944K, used 48210K [0x0000000080000000, 0x0000000100000000)
  region size 1024K, 1 young (1024K), 1 survivors (1024K)
 Metaspace       used 32512K, committed 32832K, reserved 1114112K
  class space    used 4456K, committed 4608K, reserved 1048576K
}
Event: 2.910 GC heap before
{Heap before GC invocations=11 (full 0):
 garbage-first heap   total 82944K, used 65618K [0x0000000080000000, 0x0000000100000000)
  region size 1024K, 18 young (18432K), 1 survivors (1024K)
 Metaspace       used 34689K, committed 35072K, reserved 1114112K
  class space    used 4802K, committed 4992K, reserved 1048576K
}
Event: 2.912 GC heap after
{Heap after GC invocations=12 (full 0):
 garbage-first heap   total 162816K, used 48966K [0x0000000080000000, 0x0000000100000000)
  region size 1024K, 1 young (1024K), 1 survivors (1024K)
 Metaspace       used 34689K, committed 35072K, reserved 1114112K
  class space    used 4802K, committed 4992K, reserved 1048576K
}
Event: 3.689 GC heap before
{Heap before GC invocations=13 (full 0):
 garbage-first heap   total 162816K, used 123718K [0x0000000080000000, 0x0000000100000000)
  region size 1024K, 70 young (71680K), 1 survivors (1024K)
 Metaspace       used 45229K, committed 45632K, reserved 1114112K
  class space    used 5942K, committed 6144K, reserved 1048576K
}
Event: 3.697 GC heap after
{Heap after GC invocations=14 (full 0):
 garbage-first heap   total 162816K, used 55764K [0x0000000080000000, 0x0000000100000000)
  region size 1024K, 8 young (8192K), 8 survivors (8192K)
 Metaspace       used 45229K, committed 45632K, reserved 1114112K
  class space    used 5942K, committed 6144K, reserved 1048576K
}
Event: 4.434 GC heap before
{Heap before GC invocations=14 (full 0):
 garbage-first heap   total 162816K, used 126420K [0x0000000080000000, 0x0000000100000000)
  region size 1024K, 72 young (73728K), 8 survivors (8192K)
 Metaspace       used 51062K, committed 51584K, reserved 1114112K
  class space    used 6704K, committed 6912K, reserved 1048576K
}
Event: 4.445 GC heap after
{Heap after GC invocations=15 (full 0):
 garbage-first heap   total 162816K, used 63982K [0x0000000080000000, 0x0000000100000000)
  region size 1024K, 6 young (6144K), 6 survivors (6144K)
 Metaspace       used 51062K, committed 51584K, reserved 1114112K
  class space    used 6704K, committed 6912K, reserved 1048576K
}
Event: 5.240 GC heap before
{Heap before GC invocations=15 (full 0):
 garbage-first heap   total 162816K, used 124398K [0x0000000080000000, 0x0000000100000000)
  region size 1024K, 65 young (66560K), 6 survivors (6144K)
 Metaspace       used 57037K, committed 57664K, reserved 1114112K
  class space    used 7741K, committed 8064K, reserved 1048576K
}
Event: 5.247 GC heap after
{Heap after GC invocations=16 (full 0):
 garbage-first heap   total 162816K, used 67632K [0x0000000080000000, 0x0000000100000000)
  region size 1024K, 4 young (4096K), 4 survivors (4096K)
 Metaspace       used 57037K, committed 57664K, reserved 1114112K
  class space    used 7741K, committed 8064K, reserved 1048576K
}
Event: 5.585 GC heap before
{Heap before GC invocations=16 (full 0):
 garbage-first heap   total 162816K, used 98352K [0x0000000080000000, 0x0000000100000000)
  region size 1024K, 32 young (32768K), 4 survivors (4096K)
 Metaspace       used 57909K, committed 58560K, reserved 1114112K
  class space    used 7802K, committed 8128K, reserved 1048576K
}
Event: 5.592 GC heap after
{Heap after GC invocations=17 (full 0):
 garbage-first heap   total 162816K, used 76871K [0x0000000080000000, 0x0000000100000000)
  region size 1024K, 8 young (8192K), 8 survivors (8192K)
 Metaspace       used 57909K, committed 58560K, reserved 1114112K
  class space    used 7802K, committed 8128K, reserved 1048576K
}
Event: 5.914 GC heap before
{Heap before GC invocations=18 (full 0):
 garbage-first heap   total 162816K, used 128071K [0x0000000080000000, 0x0000000100000000)
  region size 1024K, 56 young (57344K), 8 survivors (8192K)
 Metaspace       used 61949K, committed 62592K, reserved 1114112K
  class space    used 8339K, committed 8640K, reserved 1048576K
}
Event: 5.921 GC heap after
{Heap after GC invocations=19 (full 0):
 garbage-first heap   total 162816K, used 82069K [0x0000000080000000, 0x0000000100000000)
  region size 1024K, 4 young (4096K), 4 survivors (4096K)
 Metaspace       used 61949K, committed 62592K, reserved 1114112K
  class space    used 8339K, committed 8640K, reserved 1048576K
}

