# JRE version: OpenJDK Runtime Environment (17.0.7) (build 17.0.7+0-b2043.56-10550314)
# Java VM: OpenJDK 64-Bit Server VM (17.0.7+0-b2043.56-10550314, mixed mode, tiered, compressed oops, compressed class ptrs, g1 gc, windows-amd64)
GC Precious Log:
 CPUs: 16 total, 16 available
 Memory: 7599M
 Large Page Support: Disabled
 NUMA Support: Disabled
 Compressed Oops: Enabled (32-bit)
 Heap Region Size: 1M
 Heap Min Capacity: 8M
 Heap Initial Capacity: 120M
 Heap Max Capacity: 2G
 Pre-touch: Disabled
 Parallel Workers: 13
 Concurrent Workers: 3
 Concurrent Refinement Workers: 13
 Periodic GC: Disabled
Heap:
 garbage-first heap   total 157696K, used 114230K [0x0000000080000000, 0x0000000100000000)
  region size 1024K, 26 young (26624K), 2 survivors (2048K)
 Metaspace       used 73069K, committed 73728K, reserved 1114112K
  class space    used 9849K, committed 10112K, reserved 1048576K
GC Heap History (20 events):
Event: 5.310 GC heap before
{Heap before GC invocations=23 (full 0):
 garbage-first heap   total 129024K, used 100154K [0x0000000080000000, 0x0000000100000000)
  region size 1024K, 34 young (34816K), 1 survivors (1024K)
 Metaspace       used 55087K, committed 55744K, reserved 1114112K
  class space    used 7440K, committed 7744K, reserved 1048576K
}
Event: 5.313 GC heap after
{Heap after GC invocations=24 (full 0):
 garbage-first heap   total 129024K, used 68012K [0x0000000080000000, 0x0000000100000000)
  region size 1024K, 3 young (3072K), 3 survivors (3072K)
 Metaspace       used 55087K, committed 55744K, reserved 1114112K
  class space    used 7440K, committed 7744K, reserved 1048576K
}
Event: 5.908 GC heap before
{Heap before GC invocations=25 (full 0):
 garbage-first heap   total 129024K, used 100780K [0x0000000080000000, 0x0000000100000000)
  region size 1024K, 36 young (36864K), 3 survivors (3072K)
 Metaspace       used 57609K, committed 58240K, reserved 1114112K
  class space    used 7785K, committed 8064K, reserved 1048576K
}
Event: 5.914 GC heap after
{Heap after GC invocations=26 (full 0):
 garbage-first heap   total 155648K, used 70729K [0x0000000080000000, 0x0000000100000000)
  region size 1024K, 5 young (5120K), 5 survivors (5120K)
 Metaspace       used 57609K, committed 58240K, reserved 1114112K
  class space    used 7785K, committed 8064K, reserved 1048576K
}
Event: 6.003 GC heap before
{Heap before GC invocations=26 (full 0):
 garbage-first heap   total 155648K, used 79945K [0x0000000080000000, 0x0000000100000000)
  region size 1024K, 13 young (13312K), 5 survivors (5120K)
 Metaspace       used 57811K, committed 58496K, reserved 1114112K
  class space    used 7808K, committed 8128K, reserved 1048576K
}
Event: 6.008 GC heap after
{Heap after GC invocations=27 (full 0):
 garbage-first heap   total 155648K, used 75734K [0x0000000080000000, 0x0000000100000000)
  region size 1024K, 5 young (5120K), 5 survivors (5120K)
 Metaspace       used 57811K, committed 58496K, reserved 1114112K
  class space    used 7808K, committed 8128K, reserved 1048576K
}
Event: 6.053 GC heap before
{Heap before GC invocations=28 (full 0):
 garbage-first heap   total 155648K, used 82902K [0x0000000080000000, 0x0000000100000000)
  region size 1024K, 12 young (12288K), 5 survivors (5120K)
 Metaspace       used 58098K, committed 58752K, reserved 1114112K
  class space    used 7860K, committed 8192K, reserved 1048576K
}
Event: 6.058 GC heap after
{Heap after GC invocations=29 (full 0):
 garbage-first heap   total 155648K, used 79956K [0x0000000080000000, 0x0000000100000000)
  region size 1024K, 5 young (5120K), 5 survivors (5120K)
 Metaspace       used 58098K, committed 58752K, reserved 1114112K
  class space    used 7860K, committed 8192K, reserved 1048576K
}
Event: 6.116 GC heap before
{Heap before GC invocations=30 (full 0):
 garbage-first heap   total 155648K, used 91220K [0x0000000080000000, 0x0000000100000000)
  region size 1024K, 16 young (16384K), 5 survivors (5120K)
 Metaspace       used 58700K, committed 59392K, reserved 1114112K
  class space    used 7918K, committed 8256K, reserved 1048576K
}
Event: 6.119 GC heap after
{Heap after GC invocations=31 (full 0):
 garbage-first heap   total 155648K, used 81234K [0x0000000080000000, 0x0000000100000000)
  region size 1024K, 5 young (5120K), 5 survivors (5120K)
 Metaspace       used 58700K, committed 59392K, reserved 1114112K
  class space    used 7918K, committed 8256K, reserved 1048576K
}
Event: 6.370 GC heap before
{Heap before GC invocations=32 (full 0):
 garbage-first heap   total 155648K, used 111954K [0x0000000080000000, 0x0000000100000000)
  region size 1024K, 34 young (34816K), 5 survivors (5120K)
 Metaspace       used 61364K, committed 62016K, reserved 1114112K
  class space    used 8310K, committed 8640K, reserved 1048576K
}
Event: 6.373 GC heap after
{Heap after GC invocations=33 (full 0):
 garbage-first heap   total 155648K, used 83521K [0x0000000080000000, 0x0000000100000000)
  region size 1024K, 3 young (3072K), 3 survivors (3072K)
 Metaspace       used 61364K, committed 62016K, reserved 1114112K
  class space    used 8310K, committed 8640K, reserved 1048576K
}
Event: 6.697 GC heap before
{Heap before GC invocations=33 (full 0):
 garbage-first heap   total 155648K, used 114241K [0x0000000080000000, 0x0000000100000000)
  region size 1024K, 33 young (33792K), 3 survivors (3072K)
 Metaspace       used 64667K, committed 65344K, reserved 1114112K
  class space    used 8716K, committed 9024K, reserved 1048576K
}
Event: 6.701 GC heap after
{Heap after GC invocations=34 (full 0):
 garbage-first heap   total 155648K, used 84382K [0x0000000080000000, 0x0000000100000000)
  region size 1024K, 2 young (2048K), 2 survivors (2048K)
 Metaspace       used 64667K, committed 65344K, reserved 1114112K
  class space    used 8716K, committed 9024K, reserved 1048576K
}
Event: 7.071 GC heap before
{Heap before GC invocations=35 (full 0):
 garbage-first heap   total 155648K, used 123294K [0x0000000080000000, 0x0000000100000000)
  region size 1024K, 34 young (34816K), 2 survivors (2048K)
 Metaspace       used 68300K, committed 68928K, reserved 1114112K
  class space    used 9191K, committed 9472K, reserved 1048576K
}
Event: 7.076 GC heap after
{Heap after GC invocations=36 (full 0):
 garbage-first heap   total 155648K, used 88900K [0x0000000080000000, 0x0000000100000000)
  region size 1024K, 5 young (5120K), 5 survivors (5120K)
 Metaspace       used 68300K, committed 68928K, reserved 1114112K
  class space    used 9191K, committed 9472K, reserved 1048576K
}
Event: 7.099 GC heap before
{Heap before GC invocations=36 (full 0):
 garbage-first heap   total 155648K, used 89924K [0x0000000080000000, 0x0000000100000000)
  region size 1024K, 7 young (7168K), 5 survivors (5120K)
 Metaspace       used 68436K, committed 69120K, reserved 1114112K
  class space    used 9224K, committed 9536K, reserved 1048576K
}
Event: 7.103 GC heap after
{Heap after GC invocations=37 (full 0):
 garbage-first heap   total 155648K, used 89558K [0x0000000080000000, 0x0000000100000000)
  region size 1024K, 1 young (1024K), 1 survivors (1024K)
 Metaspace       used 68436K, committed 69120K, reserved 1114112K
  class space    used 9224K, committed 9536K, reserved 1048576K
}
Event: 7.453 GC heap before
{Heap before GC invocations=37 (full 0):
 garbage-first heap   total 155648K, used 121302K [0x0000000080000000, 0x0000000100000000)
  region size 1024K, 32 young (32768K), 1 survivors (1024K)
 Metaspace       used 70979K, committed 71680K, reserved 1114112K
  class space    used 9554K, committed 9856K, reserved 1048576K
}
Event: 7.455 GC heap after
{Heap after GC invocations=38 (full 0):
 garbage-first heap   total 155648K, used 90678K [0x0000000080000000, 0x0000000100000000)
  region size 1024K, 2 young (2048K), 2 survivors (2048K)
 Metaspace       used 70979K, committed 71680K, reserved 1114112K
  class space    used 9554K, committed 9856K, reserved 1048576K
}

