# JRE version: OpenJDK Runtime Environment (17.0.7) (build 17.0.7+0-b2043.56-10550314)
# Java VM: OpenJDK 64-Bit Server VM (17.0.7+0-b2043.56-10550314, mixed mode, tiered, compressed oops, compressed class ptrs, g1 gc, windows-amd64)
GC Precious Log:
 CPUs: 16 total, 16 available
 Memory: 7599M
 Large Page Support: Disabled
 NUMA Support: Disabled
 Compressed Oops: Enabled (32-bit)
 Heap Region Size: 1M
 Heap Min Capacity: 8M
 Heap Initial Capacity: 120M
 Heap Max Capacity: 2G
 Pre-touch: Disabled
 Parallel Workers: 13
 Concurrent Workers: 3
 Concurrent Refinement Workers: 13
 Periodic GC: Disabled
Heap:
 garbage-first heap   total 165888K, used 100281K [0x0000000080000000, 0x0000000100000000)
  region size 1024K, 19 young (19456K), 1 survivors (1024K)
 Metaspace       used 63325K, committed 64000K, reserved 1114112K
  class space    used 8496K, committed 8768K, reserved 1048576K
GC Heap History (20 events):
Event: 6.295 GC heap before
{Heap before GC invocations=22 (full 0):
 garbage-first heap   total 114688K, used 86083K [0x0000000080000000, 0x0000000100000000)
  region size 1024K, 21 young (21504K), 2 survivors (2048K)
 Metaspace       used 50288K, committed 50816K, reserved 1114112K
  class space    used 6601K, committed 6848K, reserved 1048576K
}
Event: 6.298 GC heap after
{Heap after GC invocations=23 (full 0):
 garbage-first heap   total 138240K, used 64994K [0x0000000080000000, 0x0000000100000000)
  region size 1024K, 3 young (3072K), 3 survivors (3072K)
 Metaspace       used 50288K, committed 50816K, reserved 1114112K
  class space    used 6601K, committed 6848K, reserved 1048576K
}
Event: 6.811 GC heap before
{Heap before GC invocations=23 (full 0):
 garbage-first heap   total 138240K, used 105954K [0x0000000080000000, 0x0000000100000000)
  region size 1024K, 43 young (44032K), 3 survivors (3072K)
 Metaspace       used 53380K, committed 53952K, reserved 1114112K
  class space    used 7164K, committed 7424K, reserved 1048576K
}
Event: 6.816 GC heap after
{Heap after GC invocations=24 (full 0):
 garbage-first heap   total 138240K, used 67583K [0x0000000080000000, 0x0000000100000000)
  region size 1024K, 5 young (5120K), 5 survivors (5120K)
 Metaspace       used 53380K, committed 53952K, reserved 1114112K
  class space    used 7164K, committed 7424K, reserved 1048576K
}
Event: 7.914 GC heap before
{Heap before GC invocations=25 (full 0):
 garbage-first heap   total 138240K, used 107519K [0x0000000080000000, 0x0000000100000000)
  region size 1024K, 45 young (46080K), 5 survivors (5120K)
 Metaspace       used 56932K, committed 57600K, reserved 1114112K
  class space    used 7684K, committed 8000K, reserved 1048576K
}
Event: 7.920 GC heap after
{Heap after GC invocations=26 (full 0):
 garbage-first heap   total 138240K, used 70404K [0x0000000080000000, 0x0000000100000000)
  region size 1024K, 6 young (6144K), 6 survivors (6144K)
 Metaspace       used 56932K, committed 57600K, reserved 1114112K
  class space    used 7684K, committed 8000K, reserved 1048576K
}
Event: 8.034 GC heap before
{Heap before GC invocations=26 (full 0):
 garbage-first heap   total 138240K, used 76548K [0x0000000080000000, 0x0000000100000000)
  region size 1024K, 14 young (14336K), 6 survivors (6144K)
 Metaspace       used 57142K, committed 57792K, reserved 1114112K
  class space    used 7703K, committed 8000K, reserved 1048576K
}
Event: 8.038 GC heap after
{Heap after GC invocations=27 (full 0):
 garbage-first heap   total 138240K, used 70894K [0x0000000080000000, 0x0000000100000000)
  region size 1024K, 4 young (4096K), 4 survivors (4096K)
 Metaspace       used 57142K, committed 57792K, reserved 1114112K
  class space    used 7703K, committed 8000K, reserved 1048576K
}
Event: 8.074 GC heap before
{Heap before GC invocations=28 (full 0):
 garbage-first heap   total 138240K, used 73966K [0x0000000080000000, 0x0000000100000000)
  region size 1024K, 6 young (6144K), 4 survivors (4096K)
 Metaspace       used 57156K, committed 57792K, reserved 1114112K
  class space    used 7707K, committed 8000K, reserved 1048576K
}
Event: 8.077 GC heap after
{Heap after GC invocations=29 (full 0):
 garbage-first heap   total 138240K, used 73767K [0x0000000080000000, 0x0000000100000000)
  region size 1024K, 2 young (2048K), 2 survivors (2048K)
 Metaspace       used 57156K, committed 57792K, reserved 1114112K
  class space    used 7707K, committed 8000K, reserved 1048576K
}
Event: 8.103 GC heap before
{Heap before GC invocations=30 (full 0):
 garbage-first heap   total 138240K, used 75815K [0x0000000080000000, 0x0000000100000000)
  region size 1024K, 4 young (4096K), 2 survivors (2048K)
 Metaspace       used 57183K, committed 57792K, reserved 1114112K
  class space    used 7709K, committed 8000K, reserved 1048576K
}
Event: 8.105 GC heap after
{Heap after GC invocations=31 (full 0):
 garbage-first heap   total 138240K, used 75154K [0x0000000080000000, 0x0000000100000000)
  region size 1024K, 2 young (2048K), 2 survivors (2048K)
 Metaspace       used 57183K, committed 57792K, reserved 1114112K
  class space    used 7709K, committed 8000K, reserved 1048576K
}
Event: 8.196 GC heap before
{Heap before GC invocations=32 (full 0):
 garbage-first heap   total 138240K, used 81298K [0x0000000080000000, 0x0000000100000000)
  region size 1024K, 9 young (9216K), 2 survivors (2048K)
 Metaspace       used 57470K, committed 58112K, reserved 1114112K
  class space    used 7762K, committed 8064K, reserved 1048576K
}
Event: 8.199 GC heap after
{Heap after GC invocations=33 (full 0):
 garbage-first heap   total 165888K, used 79285K [0x0000000080000000, 0x0000000100000000)
  region size 1024K, 3 young (3072K), 3 survivors (3072K)
 Metaspace       used 57470K, committed 58112K, reserved 1114112K
  class space    used 7762K, committed 8064K, reserved 1048576K
}
Event: 8.341 GC heap before
{Heap before GC invocations=34 (full 0):
 garbage-first heap   total 165888K, used 90549K [0x0000000080000000, 0x0000000100000000)
  region size 1024K, 14 young (14336K), 3 survivors (3072K)
 Metaspace       used 58065K, committed 58752K, reserved 1114112K
  class space    used 7819K, committed 8128K, reserved 1048576K
}
Event: 8.344 GC heap after
{Heap after GC invocations=35 (full 0):
 garbage-first heap   total 165888K, used 81365K [0x0000000080000000, 0x0000000100000000)
  region size 1024K, 5 young (5120K), 5 survivors (5120K)
 Metaspace       used 58065K, committed 58752K, reserved 1114112K
  class space    used 7819K, committed 8128K, reserved 1048576K
}
Event: 8.672 GC heap before
{Heap before GC invocations=36 (full 0):
 garbage-first heap   total 165888K, used 111061K [0x0000000080000000, 0x0000000100000000)
  region size 1024K, 33 young (33792K), 5 survivors (5120K)
 Metaspace       used 60682K, committed 61376K, reserved 1114112K
  class space    used 8204K, committed 8512K, reserved 1048576K
}
Event: 8.675 GC heap after
{Heap after GC invocations=37 (full 0):
 garbage-first heap   total 165888K, used 83235K [0x0000000080000000, 0x0000000100000000)
  region size 1024K, 3 young (3072K), 3 survivors (3072K)
 Metaspace       used 60682K, committed 61376K, reserved 1114112K
  class space    used 8204K, committed 8512K, reserved 1048576K
}
Event: 8.747 GC heap before
{Heap before GC invocations=37 (full 0):
 garbage-first heap   total 165888K, used 87331K [0x0000000080000000, 0x0000000100000000)
  region size 1024K, 8 young (8192K), 3 survivors (3072K)
 Metaspace       used 61181K, committed 61888K, reserved 1114112K
  class space    used 8246K, committed 8576K, reserved 1048576K
}
Event: 8.751 GC heap after
{Heap after GC invocations=38 (full 0):
 garbage-first heap   total 165888K, used 82873K [0x0000000080000000, 0x0000000100000000)
  region size 1024K, 1 young (1024K), 1 survivors (1024K)
 Metaspace       used 61181K, committed 61888K, reserved 1114112K
  class space    used 8246K, committed 8576K, reserved 1048576K
}

